<?xml version="1.0" encoding="UTF-8"?>
<!-- Generated by org.testng.reporters.JUnitReportReporter -->
<testsuite hostname="Jayachandrans-MacBook-Pro.local" name="com.jayachandran.maven.quickstart.ExampleInstrumentedTest" tests="1" failures="0" timestamp="29 Dec 2016 05:43:22 GMT" time="6.019" errors="0">
  <testcase name="dateLengthValidation" time="6.019" classname="com.jayachandran.maven.quickstart.ExampleInstrumentedTest"/>
</testsuite> <!-- com.jayachandran.maven.quickstart.ExampleInstrumentedTest -->
